Starting process: Module

Starting process: 

SCUBA, Version Diamond (64-bit) 3.11.0.396.4
Thu Jan 07 19:49:02 2021

Copyright (c) 1991-1994 by NeoCAD Inc. All rights reserved.
Copyright (c) 1995 AT&T Corp.   All rights reserved.
Copyright (c) 1995-2001 Lucent Technologies Inc.  All rights reserved.
Copyright (c) 2001 Agere Systems   All rights reserved.
Copyright (c) 2002-2019 Lattice Semiconductor Corporation,  All rights reserved.

BEGIN SCUBA Module Synthesis

    Issued command   : C:\lscc\diamond\3.11_x64\ispfpga\bin\nt64\scuba.exe -w -n GammaRam -lang vhdl -synth lse -bus_exp 7 -bb -arch xo3c00f -type ramdp -device LCMXO3LF-9400C -aaddr_width 8 -widtha 10 -baddr_width 8 -widthb 10 -anum_words 256 -bnum_words 256 -cascade -1 -memfile d:/onedrive/lattice diamond projects/wallpanel_fpga/gammadefault.mem -memformat bin -writemodeA NORMAL -writemodeB NORMAL 
    Circuit name     : GammaRam
    Module type      : RAM_DP_TRUE
    Module Version   : 7.5
    Ports            : 
	Inputs       : DataInA[9:0], DataInB[9:0], AddressA[7:0], AddressB[7:0], ClockA, ClockB, ClockEnA, ClockEnB, WrA, WrB, ResetA, ResetB
	Outputs      : QA[9:0], QB[9:0]
    I/O buffer       : not inserted
    Memory file      : d:/onedrive/lattice diamond projects/wallpanel_fpga/gammadefault.mem
    EDIF output      : GammaRam.edn
    VHDL output      : GammaRam.vhd
    VHDL template    : GammaRam_tmpl.vhd
    VHDL testbench   : tb_GammaRam_tmpl.vhd
    VHDL purpose     : for synthesis and simulation
    Bus notation     : big endian
    Report output    : GammaRam.srp
    Estimated Resource Usage:
            EBR : 2

END   SCUBA Module Synthesis

File: GammaRam.lpc created.


End process: completed successfully.


Total Warnings:  0

Total Errors:  0


