Starting process: Module

Starting process: 

SCUBA, Version Diamond (64-bit) 3.11.0.396.4
Fri Jan 08 17:30:18 2021

Copyright (c) 1991-1994 by NeoCAD Inc. All rights reserved.
Copyright (c) 1995 AT&T Corp.   All rights reserved.
Copyright (c) 1995-2001 Lucent Technologies Inc.  All rights reserved.
Copyright (c) 2001 Agere Systems   All rights reserved.
Copyright (c) 2002-2019 Lattice Semiconductor Corporation,  All rights reserved.

BEGIN SCUBA Module Synthesis

    Issued command   : C:\lscc\diamond\3.11_x64\ispfpga\bin\nt64\scuba.exe -w -n Outputbuffer -lang vhdl -synth lse -bb -arch xo3c00f -type ramdps -device LCMXO3LF-9400C -raddr_width 8 -rwidth 120 -waddr_width 8 -wwidth 120 -rnum_words 256 -wnum_words 256 -outdata REGISTERED -cascade -1 -resetmode SYNC -sync_reset -mem_init1 
    Circuit name     : Outputbuffer
    Module type      : RAM_DP
    Module Version   : 6.5
    Ports            : 
	Inputs       : WrAddress[7:0], RdAddress[7:0], Data[119:0], WE, RdClock, RdClockEn, Reset, WrClock, WrClockEn
	Outputs      : Q[119:0]
    I/O buffer       : not inserted
    Memory file      : INIT_ALL_1s
    EDIF output      : Outputbuffer.edn
    VHDL output      : Outputbuffer.vhd
    VHDL template    : Outputbuffer_tmpl.vhd
    VHDL testbench   : tb_Outputbuffer_tmpl.vhd
    VHDL purpose     : for synthesis and simulation
    Bus notation     : big endian
    Report output    : Outputbuffer.srp
    Estimated Resource Usage:
            EBR : 7

END   SCUBA Module Synthesis

File: Outputbuffer.lpc created.


End process: completed successfully.


Total Warnings:  0

Total Errors:  0


