Starting process: Module

Starting process: 

SCUBA, Version Diamond (64-bit) 3.11.0.396.4
Wed Jan 06 18:06:15 2021

Copyright (c) 1991-1994 by NeoCAD Inc. All rights reserved.
Copyright (c) 1995 AT&T Corp.   All rights reserved.
Copyright (c) 1995-2001 Lucent Technologies Inc.  All rights reserved.
Copyright (c) 2001 Agere Systems   All rights reserved.
Copyright (c) 2002-2019 Lattice Semiconductor Corporation,  All rights reserved.

BEGIN SCUBA Module Synthesis

    Issued command   : C:\lscc\diamond\3.11_x64\ispfpga\bin\nt64\scuba.exe -w -n PLL -lang vhdl -synth lse -arch xo3c00f -type pll -fin 25 -fclkop 140 -fclkop_tol 2.0 -fclkos 35 -fclkos_tol 2.0 -trimp 0 -phasep 0 -trimp_r -trims 0 -phases 0 -trims_r -phase_cntl STATIC -fb_mode 1 
    Circuit name     : PLL
    Module type      : pll
    Module Version   : 5.7
    Ports            : 
	Inputs       : CLKI
	Outputs      : CLKOP, CLKOS
    I/O buffer       : not inserted
    EDIF output      : PLL.edn
    VHDL output      : PLL.vhd
    VHDL template    : PLL_tmpl.vhd
    VHDL purpose     : for synthesis and simulation
    Bus notation     : big endian
    Report output    : PLL.srp
    Estimated Resource Usage:

END   SCUBA Module Synthesis

File: PLL.lpc created.


End process: completed successfully.


Total Warnings:  0

Total Errors:  0


