all messages logged in file D:/OneDrive/Lattice Diamond Projects/WallPanel_FPGA/impl1/reveal_error.log
Analyzing VHDL file C:/lscc/diamond/3.11_x64/ispfpga/vhdl_packages/standard.vhd (VHDL-1481)
INFO: C:/lscc/diamond/3.11_x64/ispfpga/vhdl_packages/standard.vhd(9): analyzing package standard (VHDL-1014)
Analyzing VHDL file C:/lscc/diamond/3.11_x64/ispfpga/vhdl_packages/std_1164.vhd (VHDL-1481)
INFO: C:/lscc/diamond/3.11_x64/ispfpga/vhdl_packages/std_1164.vhd(15): analyzing package std_logic_1164 (VHDL-1014)
INFO: C:/lscc/diamond/3.11_x64/ispfpga/vhdl_packages/std_1164.vhd(178): analyzing package body std_logic_1164 (VHDL-1013)
Analyzing VHDL file C:/lscc/diamond/3.11_x64/ispfpga/vhdl_packages/mgc_qsim.vhd (VHDL-1481)
INFO: C:/lscc/diamond/3.11_x64/ispfpga/vhdl_packages/mgc_qsim.vhd(18): analyzing package qsim_logic (VHDL-1014)
INFO: C:/lscc/diamond/3.11_x64/ispfpga/vhdl_packages/mgc_qsim.vhd(753): analyzing package body qsim_logic (VHDL-1013)
Analyzing VHDL file C:/lscc/diamond/3.11_x64/ispfpga/vhdl_packages/numeric_bit.vhd (VHDL-1481)
INFO: C:/lscc/diamond/3.11_x64/ispfpga/vhdl_packages/numeric_bit.vhd(54): analyzing package numeric_bit (VHDL-1014)
INFO: C:/lscc/diamond/3.11_x64/ispfpga/vhdl_packages/numeric_bit.vhd(834): analyzing package body numeric_bit (VHDL-1013)
Analyzing VHDL file C:/lscc/diamond/3.11_x64/ispfpga/vhdl_packages/numeric_std.vhd (VHDL-1481)
INFO: C:/lscc/diamond/3.11_x64/ispfpga/vhdl_packages/numeric_std.vhd(57): analyzing package numeric_std (VHDL-1014)
INFO: C:/lscc/diamond/3.11_x64/ispfpga/vhdl_packages/numeric_std.vhd(874): analyzing package body numeric_std (VHDL-1013)
Analyzing VHDL file C:/lscc/diamond/3.11_x64/ispfpga/vhdl_packages/textio.vhd (VHDL-1481)
INFO: C:/lscc/diamond/3.11_x64/ispfpga/vhdl_packages/textio.vhd(13): analyzing package textio (VHDL-1014)
INFO: C:/lscc/diamond/3.11_x64/ispfpga/vhdl_packages/textio.vhd(114): analyzing package body textio (VHDL-1013)
Analyzing VHDL file C:/lscc/diamond/3.11_x64/ispfpga/vhdl_packages/std_logic_textio.vhd (VHDL-1481)
INFO: C:/lscc/diamond/3.11_x64/ispfpga/vhdl_packages/std_logic_textio.vhd(26): analyzing package std_logic_textio (VHDL-1014)
INFO: C:/lscc/diamond/3.11_x64/ispfpga/vhdl_packages/std_logic_textio.vhd(72): analyzing package body std_logic_textio (VHDL-1013)
Analyzing VHDL file C:/lscc/diamond/3.11_x64/ispfpga/vhdl_packages/syn_misc.vhd (VHDL-1481)
INFO: C:/lscc/diamond/3.11_x64/ispfpga/vhdl_packages/syn_misc.vhd(30): analyzing package std_logic_misc (VHDL-1014)
INFO: C:/lscc/diamond/3.11_x64/ispfpga/vhdl_packages/syn_misc.vhd(182): analyzing package body std_logic_misc (VHDL-1013)
INFO: ./.__tmp_vxr_0_(56): analyzing package math_real (VHDL-1014)
INFO: ./.__tmp_vxr_0_(685): analyzing package body math_real (VHDL-1013)
Analyzing VHDL file C:/lscc/diamond/3.11_x64/ispfpga/vhdl_packages/mixed_lang_vltype.vhd (VHDL-1481)
INFO: C:/lscc/diamond/3.11_x64/ispfpga/vhdl_packages/mixed_lang_vltype.vhd(9): analyzing package vl_types (VHDL-1014)
INFO: C:/lscc/diamond/3.11_x64/ispfpga/vhdl_packages/mixed_lang_vltype.vhd(88): analyzing package body vl_types (VHDL-1013)
Analyzing VHDL file C:/lscc/diamond/3.11_x64/ispfpga/vhdl_packages/syn_arit.vhd (VHDL-1481)
INFO: C:/lscc/diamond/3.11_x64/ispfpga/vhdl_packages/syn_arit.vhd(25): analyzing package std_logic_arith (VHDL-1014)
INFO: C:/lscc/diamond/3.11_x64/ispfpga/vhdl_packages/syn_arit.vhd(206): analyzing package body std_logic_arith (VHDL-1013)
Analyzing VHDL file C:/lscc/diamond/3.11_x64/ispfpga/vhdl_packages/syn_attr.vhd (VHDL-1481)
INFO: C:/lscc/diamond/3.11_x64/ispfpga/vhdl_packages/syn_attr.vhd(39): analyzing package attributes (VHDL-1014)
Analyzing VHDL file C:/lscc/diamond/3.11_x64/ispfpga/vhdl_packages/syn_sign.vhd (VHDL-1481)
INFO: C:/lscc/diamond/3.11_x64/ispfpga/vhdl_packages/syn_sign.vhd(35): analyzing package std_logic_signed (VHDL-1014)
INFO: C:/lscc/diamond/3.11_x64/ispfpga/vhdl_packages/syn_sign.vhd(96): analyzing package body std_logic_signed (VHDL-1013)
Analyzing VHDL file C:/lscc/diamond/3.11_x64/ispfpga/vhdl_packages/syn_unsi.vhd (VHDL-1481)
INFO: C:/lscc/diamond/3.11_x64/ispfpga/vhdl_packages/syn_unsi.vhd(35): analyzing package std_logic_unsigned (VHDL-1014)
INFO: C:/lscc/diamond/3.11_x64/ispfpga/vhdl_packages/syn_unsi.vhd(94): analyzing package body std_logic_unsigned (VHDL-1013)
Analyzing VHDL file C:/lscc/diamond/3.11_x64/ispfpga/userware/NT/SYNTHESIS_HEADERS/machxo3lf.vhd (VHDL-1481)
INFO: C:/lscc/diamond/3.11_x64/ispfpga/userware/NT/SYNTHESIS_HEADERS/machxo3lf.vhd(27): analyzing package components (VHDL-1014)
Analyzing VHDL file C:/lscc/diamond/3.11_x64/ispfpga/vhdl_packages/orca4.vhd (VHDL-1481)
INFO: C:/lscc/diamond/3.11_x64/ispfpga/vhdl_packages/orca4.vhd(35): analyzing package orcacomp (VHDL-1014)
Analyzing VHDL file C:/lscc/diamond/3.11_x64/ispfpga/vhdl_packages/synattr.vhd (VHDL-1481)
INFO: C:/lscc/diamond/3.11_x64/ispfpga/vhdl_packages/synattr.vhd(50): analyzing package attributes (VHDL-1014)
Analyzing VHDL file D:/OneDrive/Lattice Diamond Projects/WallPanel_FPGA/impl1/reveal_workspace/tmpreveal/Master_reveal_coretop.vhd (VHDL-1481)
INFO: D:/OneDrive/Lattice Diamond Projects/WallPanel_FPGA/impl1/reveal_workspace/tmpreveal/Master_reveal_coretop.vhd(6): analyzing entity reveal_coretop (VHDL-1012)
INFO: D:/OneDrive/Lattice Diamond Projects/WallPanel_FPGA/impl1/reveal_workspace/tmpreveal/Master_reveal_coretop.vhd(22): analyzing architecture one (VHDL-1010)
Analyzing VHDL file D:/OneDrive/Lattice Diamond Projects/WallPanel_FPGA/MatrixDriver.vhd (VHDL-1481)
INFO: D:/OneDrive/Lattice Diamond Projects/WallPanel_FPGA/MatrixDriver.vhd(6): analyzing entity matrixdriver (VHDL-1012)
INFO: D:/OneDrive/Lattice Diamond Projects/WallPanel_FPGA/MatrixDriver.vhd(41): analyzing architecture behavioral (VHDL-1010)
Analyzing VHDL file D:/OneDrive/Lattice Diamond Projects/WallPanel_FPGA/MatrixBusHandler.vhd (VHDL-1481)
INFO: D:/OneDrive/Lattice Diamond Projects/WallPanel_FPGA/MatrixBusHandler.vhd(6): analyzing entity matrixbushandler (VHDL-1012)
INFO: D:/OneDrive/Lattice Diamond Projects/WallPanel_FPGA/MatrixBusHandler.vhd(33): analyzing architecture behavioral (VHDL-1010)
Analyzing VHDL file D:/OneDrive/Lattice Diamond Projects/WallPanel_FPGA/SRAM.vhd (VHDL-1481)
INFO: D:/OneDrive/Lattice Diamond Projects/WallPanel_FPGA/SRAM.vhd(6): analyzing entity sram (VHDL-1012)
INFO: D:/OneDrive/Lattice Diamond Projects/WallPanel_FPGA/SRAM.vhd(27): analyzing architecture behavioral (VHDL-1010)
Analyzing VHDL file D:/OneDrive/Lattice Diamond Projects/WallPanel_FPGA/PIC.vhd (VHDL-1481)
INFO: D:/OneDrive/Lattice Diamond Projects/WallPanel_FPGA/PIC.vhd(6): analyzing entity pic (VHDL-1012)
INFO: D:/OneDrive/Lattice Diamond Projects/WallPanel_FPGA/PIC.vhd(33): analyzing architecture behavioral (VHDL-1010)
Analyzing VHDL file D:/OneDrive/Lattice Diamond Projects/WallPanel_FPGA/Main.vhd (VHDL-1481)
INFO: D:/OneDrive/Lattice Diamond Projects/WallPanel_FPGA/Main.vhd(6): analyzing entity master (VHDL-1012)
INFO: D:/OneDrive/Lattice Diamond Projects/WallPanel_FPGA/Main.vhd(34): analyzing architecture behavioral (VHDL-1010)
Analyzing VHDL file D:/OneDrive/Lattice Diamond Projects/WallPanel_FPGA/Outputbuffer.vhd (VHDL-1481)
INFO: D:/OneDrive/Lattice Diamond Projects/WallPanel_FPGA/Outputbuffer.vhd(14): analyzing entity outputbuffer (VHDL-1012)
INFO: D:/OneDrive/Lattice Diamond Projects/WallPanel_FPGA/Outputbuffer.vhd(28): analyzing architecture structure (VHDL-1010)
Analyzing VHDL file D:/OneDrive/Lattice Diamond Projects/WallPanel_FPGA/Outputbuffer.vhd (VHDL-1481)
INFO: D:/OneDrive/Lattice Diamond Projects/WallPanel_FPGA/Outputbuffer.vhd(14): analyzing entity outputbuffer (VHDL-1012)
INFO: D:/OneDrive/Lattice Diamond Projects/WallPanel_FPGA/Outputbuffer.vhd(28): analyzing architecture structure (VHDL-1010)
Analyzing VHDL file D:/OneDrive/Lattice Diamond Projects/WallPanel_FPGA/PLL.vhd (VHDL-1481)
INFO: D:/OneDrive/Lattice Diamond Projects/WallPanel_FPGA/PLL.vhd(14): analyzing entity pll (VHDL-1012)
INFO: D:/OneDrive/Lattice Diamond Projects/WallPanel_FPGA/PLL.vhd(21): analyzing architecture structure (VHDL-1010)
Analyzing VHDL file D:/OneDrive/Lattice Diamond Projects/WallPanel_FPGA/PLL.vhd (VHDL-1481)
INFO: D:/OneDrive/Lattice Diamond Projects/WallPanel_FPGA/PLL.vhd(14): analyzing entity pll (VHDL-1012)
INFO: D:/OneDrive/Lattice Diamond Projects/WallPanel_FPGA/PLL.vhd(21): analyzing architecture structure (VHDL-1010)
Analyzing VHDL file D:/OneDrive/Lattice Diamond Projects/WallPanel_FPGA/GammaRam.vhd (VHDL-1481)
INFO: D:/OneDrive/Lattice Diamond Projects/WallPanel_FPGA/GammaRam.vhd(14): analyzing entity gammaram (VHDL-1012)
INFO: D:/OneDrive/Lattice Diamond Projects/WallPanel_FPGA/GammaRam.vhd(32): analyzing architecture structure (VHDL-1010)
Analyzing VHDL file D:/OneDrive/Lattice Diamond Projects/WallPanel_FPGA/GammaRam.vhd (VHDL-1481)
INFO: D:/OneDrive/Lattice Diamond Projects/WallPanel_FPGA/GammaRam.vhd(14): analyzing entity gammaram (VHDL-1012)
INFO: D:/OneDrive/Lattice Diamond Projects/WallPanel_FPGA/GammaRam.vhd(32): analyzing architecture structure (VHDL-1010)
Analyzing VHDL file D:/OneDrive/Lattice Diamond Projects/WallPanel_FPGA/SpriteRam.vhd (VHDL-1481)
INFO: D:/OneDrive/Lattice Diamond Projects/WallPanel_FPGA/SpriteRam.vhd(14): analyzing entity spriteram (VHDL-1012)
INFO: D:/OneDrive/Lattice Diamond Projects/WallPanel_FPGA/SpriteRam.vhd(28): analyzing architecture structure (VHDL-1010)
Analyzing VHDL file D:/OneDrive/Lattice Diamond Projects/WallPanel_FPGA/SpriteRam.vhd (VHDL-1481)
INFO: D:/OneDrive/Lattice Diamond Projects/WallPanel_FPGA/SpriteRam.vhd(14): analyzing entity spriteram (VHDL-1012)
INFO: D:/OneDrive/Lattice Diamond Projects/WallPanel_FPGA/SpriteRam.vhd(28): analyzing architecture structure (VHDL-1010)
INFO: D:/OneDrive/Lattice Diamond Projects/WallPanel_FPGA/Main.vhd(6): elaborating Master(Behavioral) (VHDL-1067)
INFO: D:/OneDrive/Lattice Diamond Projects/WallPanel_FPGA/MatrixDriver.vhd(6): elaborating MatrixDriver_uniq_0(Behavioral) (VHDL-1067)
INFO: D:/OneDrive/Lattice Diamond Projects/WallPanel_FPGA/Outputbuffer.vhd(14): elaborating Outputbuffer_uniq_0(Structure) (VHDL-1067)
INFO: D:/OneDrive/Lattice Diamond Projects/WallPanel_FPGA/MatrixBusHandler.vhd(6): elaborating MatrixBusHandler_uniq_0(Behavioral) (VHDL-1067)
INFO: D:/OneDrive/Lattice Diamond Projects/WallPanel_FPGA/GammaRam.vhd(14): elaborating GammaRam_uniq_0(Structure) (VHDL-1067)
INFO: D:/OneDrive/Lattice Diamond Projects/WallPanel_FPGA/SpriteRam.vhd(14): elaborating SpriteRam_uniq_0(Structure) (VHDL-1067)
INFO: D:/OneDrive/Lattice Diamond Projects/WallPanel_FPGA/SRAM.vhd(6): elaborating SRAM_uniq_0(Behavioral) (VHDL-1067)
INFO: D:/OneDrive/Lattice Diamond Projects/WallPanel_FPGA/PIC.vhd(6): elaborating PIC_uniq_0(Behavioral) (VHDL-1067)
INFO: D:/OneDrive/Lattice Diamond Projects/WallPanel_FPGA/PLL.vhd(14): elaborating PLL_uniq_0(Structure) (VHDL-1067)
input pin clk has no actual or default value (VHDL-9000)
INFO: D:/OneDrive/Lattice Diamond Projects/WallPanel_FPGA/impl1/reveal_workspace/tmpreveal/Master_reveal_coretop.vhd(8): clk is declared here (VHDL-1259)
input pin reset_n has no actual or default value (VHDL-9000)
INFO: D:/OneDrive/Lattice Diamond Projects/WallPanel_FPGA/impl1/reveal_workspace/tmpreveal/Master_reveal_coretop.vhd(9): reset_n is declared here (VHDL-1259)
input pin trigger_din has no actual or default value (VHDL-9000)
INFO: D:/OneDrive/Lattice Diamond Projects/WallPanel_FPGA/impl1/reveal_workspace/tmpreveal/Master_reveal_coretop.vhd(10): trigger_din is declared here (VHDL-1259)
input pin trigger_en has no actual or default value (VHDL-9000)
INFO: D:/OneDrive/Lattice Diamond Projects/WallPanel_FPGA/impl1/reveal_workspace/tmpreveal/Master_reveal_coretop.vhd(11): trigger_en is declared here (VHDL-1259)
input pin trace_din has no actual or default value (VHDL-9000)
INFO: D:/OneDrive/Lattice Diamond Projects/WallPanel_FPGA/impl1/reveal_workspace/tmpreveal/Master_reveal_coretop.vhd(13): trace_din is declared here (VHDL-1259)
Pretty printing all units in library work to file D:/OneDrive/Lattice Diamond Projects/WallPanel_FPGA/impl1/reveal_workspace/tmpreveal/Master_rvl_top.vhd (VHDL-1490)
